<?xml version="1.0" encoding="UTF-8"?>
<!-- Generated by org.testng.reporters.JUnitReportReporter -->
<testsuite hostname="mnews126" failures="0" tests="1" name="WebTesting.LogoutTest" time="5.785" errors="0" timestamp="2024-04-21T19:11:12 EEST" skipped="0">
  <testcase classname="WebTesting.LogoutTest" name="logoutTest" time="5.785"/>
  <system-out/>
</testsuite> <!-- WebTesting.LogoutTest -->
