<?xml version="1.0" encoding="UTF-8"?>
<!-- Generated by org.testng.reporters.JUnitReportReporter -->
<testsuite hostname="mnews126" failures="0" tests="1" name="WebTesting.ProfileInfoTest" time="9.285" errors="0" timestamp="2024-04-21T19:11:12 EEST" skipped="0">
  <testcase classname="WebTesting.ProfileInfoTest" name="testProfileInfo" time="9.285"/>
  <system-out/>
</testsuite> <!-- WebTesting.ProfileInfoTest -->
