<?xml version="1.0" encoding="UTF-8"?>
<!-- Generated by org.testng.reporters.JUnitReportReporter -->
<testsuite hostname="mnews126" failures="0" tests="1" name="WebTesting.LoginTest" time="6.424" errors="0" timestamp="2024-04-21T19:11:12 EEST" skipped="0">
  <testcase classname="WebTesting.LoginTest" name="loginTest" time="6.424"/>
  <system-out/>
</testsuite> <!-- WebTesting.LoginTest -->
